0 info it worked if it ends with ok
1 verbose cli [ '/home/eric-burel/.nvm/versions/node/v6.3.0/bin/node',
1 verbose cli   '/home/eric-burel/.nvm/versions/node/v6.3.0/bin/npm',
1 verbose cli   'run',
1 verbose cli   'test' ]
2 info using npm@3.10.3
3 info using node@v6.3.0
4 verbose run-script [ 'pretest', 'test', 'posttest' ]
5 info lifecycle emergence@1.0.0~pretest: emergence@1.0.0
6 silly lifecycle emergence@1.0.0~pretest: no script for pretest, continuing
7 info lifecycle emergence@1.0.0~test: emergence@1.0.0
8 verbose lifecycle emergence@1.0.0~test: unsafe-perm in lifecycle true
9 verbose lifecycle emergence@1.0.0~test: PATH: /home/eric-burel/.nvm/versions/node/v6.3.0/lib/node_modules/npm/bin/node-gyp-bin:/home/eric-burel/Websites/emergence-frontend-master/node_modules/.bin:/home/eric-burel/.nvm/versions/node/v6.3.0/bin:~/.local/bin:/home/eric-burel/.nvm/versions/node/v6.3.0/bin:/usr/local/miniconda3/bin:/home/eric-burel/.composer/vendor/bin:/opt/phantomjs-2.1.1-linux-i686/bin:/opt/GravitDesigner/:/snap/bin:/usr/local/scala/bin:/usr/local/heroku/bin:/home/eric-burel/oracle:~/.local/bin:/opt/phantomjs-2.1.1-linux-i686/bin:/opt/GravitDesigner/:/snap/bin:/usr/local/scala/bin:/usr/local/heroku/bin:/home/eric-burel/oracle:/usr/local/sbin:/usr/local/bin:/usr/sbin:/usr/bin:/sbin:/bin:/usr/games:/usr/local/games:/snap/bin:/usr/lib/jvm/java-8-oracle/bin:/usr/lib/jvm/java-8-oracle/db/bin:/usr/lib/jvm/java-8-oracle/jre/bin:/usr/games/df_linux/:/usr/local/mips-elf-linux-cep/bin:/home/buscape/Ensimag/Programmes/CEP/outils:/usr/local/bin/phpDocumentor-2.6.1/bin:/opt/eclipse:/home/eric-burel/Ensimag/GL/global/bin:/home/eric-burel/Ensimag/Projet_GL/src/main/bin:/home/eric-burel/Ensimag/Projet_GL/src/test/script:/home/eric-burel/Ensimag/Projet_GL/targer/generated-classes/cobertura:/home/eric-burel/Android/Sdk/tools:/home/eric-burel/Android/Sdk/platform-tools:/opt/genymobile/genymotion:/usr/local/go/bin:/home/eric-burel/Golang/bin:/snap/bin:/usr/lib/jvm/java-8-oracle/bin:/usr/lib/jvm/java-8-oracle/db/bin:/usr/lib/jvm/java-8-oracle/jre/bin:/usr/games/df_linux/:/usr/local/mips-elf-linux-cep/bin:/home/buscape/Ensimag/Programmes/CEP/outils:/usr/local/bin/phpDocumentor-2.6.1/bin:/opt/eclipse:/home/eric-burel/Ensimag/GL/global/bin:/home/eric-burel/Ensimag/Projet_GL/src/main/bin:/home/eric-burel/Ensimag/Projet_GL/src/test/script:/home/eric-burel/Ensimag/Projet_GL/targer/generated-classes/cobertura:/home/eric-burel/Android/Sdk/tools:/home/eric-burel/Android/Sdk/platform-tools:/opt/genymobile/genymotion:/usr/local/go/bin:/home/eric-burel/Golang/bin
10 verbose lifecycle emergence@1.0.0~test: CWD: /home/eric-burel/Websites/emergence-frontend-master
11 silly lifecycle emergence@1.0.0~test: Args: [ '-c', 'npm run unit && npm run e2e' ]
12 silly lifecycle emergence@1.0.0~test: Returned: code: 1  signal: null
13 info lifecycle emergence@1.0.0~test: Failed to exec test script
14 verbose stack Error: emergence@1.0.0 test: `npm run unit && npm run e2e`
14 verbose stack Exit status 1
14 verbose stack     at EventEmitter.<anonymous> (/home/eric-burel/.nvm/versions/node/v6.3.0/lib/node_modules/npm/lib/utils/lifecycle.js:242:16)
14 verbose stack     at emitTwo (events.js:106:13)
14 verbose stack     at EventEmitter.emit (events.js:191:7)
14 verbose stack     at ChildProcess.<anonymous> (/home/eric-burel/.nvm/versions/node/v6.3.0/lib/node_modules/npm/lib/utils/spawn.js:40:14)
14 verbose stack     at emitTwo (events.js:106:13)
14 verbose stack     at ChildProcess.emit (events.js:191:7)
14 verbose stack     at maybeClose (internal/child_process.js:852:16)
14 verbose stack     at Process.ChildProcess._handle.onexit (internal/child_process.js:215:5)
15 verbose pkgid emergence@1.0.0
16 verbose cwd /home/eric-burel/Websites/emergence-frontend-master
17 error Linux 4.4.0-83-generic
18 error argv "/home/eric-burel/.nvm/versions/node/v6.3.0/bin/node" "/home/eric-burel/.nvm/versions/node/v6.3.0/bin/npm" "run" "test"
19 error node v6.3.0
20 error npm  v3.10.3
21 error code ELIFECYCLE
22 error emergence@1.0.0 test: `npm run unit && npm run e2e`
22 error Exit status 1
23 error Failed at the emergence@1.0.0 test script 'npm run unit && npm run e2e'.
23 error Make sure you have the latest version of node.js and npm installed.
23 error If you do, this is most likely a problem with the emergence package,
23 error not with npm itself.
23 error Tell the author that this fails on your system:
23 error     npm run unit && npm run e2e
23 error You can get information on how to open an issue for this project with:
23 error     npm bugs emergence
23 error Or if that isn't available, you can get their info via:
23 error     npm owner ls emergence
23 error There is likely additional logging output above.
24 verbose exit [ 1, true ]
